<?xml version="1.0" encoding="UTF-8"?>
<!-- Generated by org.testng.reporters.JUnitReportReporter -->
<testsuite skipped="0" hostname="sunshine-PC" name="com.Sel_git_maven.testcases.TestCase" tests="1" failures="0" timestamp="22 Mar 2019 19:05:35 GMT" time="44.364" errors="0">
  <testcase name="launch" time="44.364" classname="com.Sel_git_maven.testcases.TestCase"/>
</testsuite> <!-- com.Sel_git_maven.testcases.TestCase -->
